<?xml version="1.0" encoding="UTF-8"?>
<testsuite name="AutomationScripts"
           tests="27"
           failures="2"
           errors="0"
           skipped="22"
           time="80.200">
  <properties />
            <testcase name="setTestResult" time="0.000" classname="RezoomexApplicantTrackingSystem.com.rats.ExtentReport">
                <failure type="java.lang.AssertionError"
                  message="Screen Shot : com.aventstack.extentreports.ExtentTest@43b6123e"
              >
<![CDATA[java.lang.AssertionError: Screen Shot : com.aventstack.extentreports.ExtentTest@43b6123e
  org.testng.Assert.fail(Assert.java:94)
  RezoomexApplicantTrackingSystem.com.rats.ExtentReport.setTestResult(ExtentReport.java:429)
  sun.reflect.NativeMethodAccessorImpl.invoke0(Native Method)
  sun.reflect.NativeMethodAccessorImpl.invoke(NativeMethodAccessorImpl.java:62)
  sun.reflect.DelegatingMethodAccessorImpl.invoke(DelegatingMethodAccessorImpl.java:43)
  java.lang.reflect.Method.invoke(Method.java:498)
  org.testng.internal.MethodInvocationHelper.invokeMethod(MethodInvocationHelper.java:80)
  org.testng.internal.Invoker.invokeConfigurationMethod(Invoker.java:564)
  org.testng.internal.Invoker.invokeConfigurations(Invoker.java:213)
  org.testng.internal.Invoker.invokeMethod(Invoker.java:786)
  org.testng.internal.Invoker.invokeTestMethod(Invoker.java:901)
  org.testng.internal.Invoker.invokeTestMethods(Invoker.java:1231)
  org.testng.internal.TestMethodWorker.invokeTestMethods(TestMethodWorker.java:127)
  org.testng.internal.TestMethodWorker.run(TestMethodWorker.java:111)
  org.testng.TestRunner.privateRun(TestRunner.java:767)
  org.testng.TestRunner.run(TestRunner.java:617)
  org.testng.SuiteRunner.runTest(SuiteRunner.java:334)
  org.testng.SuiteRunner.runSequentially(SuiteRunner.java:329)
  org.testng.SuiteRunner.privateRun(SuiteRunner.java:291)
  org.testng.SuiteRunner.run(SuiteRunner.java:240)
  org.testng.SuiteRunnerWorker.runSuite(SuiteRunnerWorker.java:52)
  org.testng.SuiteRunnerWorker.run(SuiteRunnerWorker.java:86)
  org.testng.TestNG.runSuitesSequentially(TestNG.java:1198)
  org.testng.TestNG.runSuitesLocally(TestNG.java:1123)
  org.testng.TestNG.run(TestNG.java:1031)
  org.testng.remote.AbstractRemoteTestNG.run(AbstractRemoteTestNG.java:114)
  org.testng.remote.RemoteTestNG.initAndRun(RemoteTestNG.java:251)
  org.testng.remote.RemoteTestNG.main(RemoteTestNG.java:77)
]]>
      </failure>

          </testcase>
            <testcase name="ProcessJob" time="33.511" classname="RezoomexApplicantTrackingSystem.com.rats.ExtentReport">
                <failure type="org.openqa.selenium.NoSuchElementException"
                  message="no such element: Unable to locate element: {&quot;method&quot;:&quot;xpath&quot;,&quot;selector&quot;:&quot;//*[@id=&apos;manageJobs&apos;]&quot;}
  (Session info: headless chrome=63.0.3239.132)
  (Driver info: chromedriver=2.35.528139 (47ead77cb35ad2a9a83248b292151462a66cd881),platform=Linux 4.4.0-93-generic x86_64) (WARNING: The server did not provide any stacktrace information)
Command duration or timeout: 0 milliseconds
For documentation on this error, please visit: http://seleniumhq.org/exceptions/no_such_element.html
Build info: version: &apos;3.8.1&apos;, revision: &apos;6e95a6684b&apos;, time: &apos;2017-12-01T18:33:54.468Z&apos;
System info: host: &apos;ULTP-478&apos;, ip: &apos;127.0.0.1&apos;, os.name: &apos;Linux&apos;, os.arch: &apos;amd64&apos;, os.version: &apos;4.4.0-93-generic&apos;, java.version: &apos;1.8.0_141&apos;
Driver info: org.openqa.selenium.chrome.ChromeDriver
Capabilities {acceptInsecureCerts: false, acceptSslCerts: false, applicationCacheEnabled: false, browserConnectionEnabled: false, browserName: chrome, chrome: {chromedriverVersion: 2.35.528139 (47ead77cb35ad2..., userDataDir: /tmp/.org.chromium.Chromium...}, cssSelectorsEnabled: true, databaseEnabled: false, handlesAlerts: true, hasTouchScreen: false, javascriptEnabled: true, locationContextEnabled: true, mobileEmulationEnabled: false, nativeEvents: true, networkConnectionEnabled: false, pageLoadStrategy: normal, platform: LINUX, platformName: LINUX, rotatable: false, setWindowRect: true, takesHeapSnapshot: true, takesScreenshot: true, unexpectedAlertBehaviour: , unhandledPromptBehavior: , version: 63.0.3239.132, webStorageEnabled: true}
Session ID: 643dde8019fce1a6bab1e6db49ac682f
*** Element info: {Using=xpath, value=//*[@id=&apos;manageJobs&apos;]}"
              >
<![CDATA[org.openqa.selenium.NoSuchElementException: no such element: Unable to locate element: {"method":"xpath","selector":"//*[@id='manageJobs']"}
  (Session info: headless chrome=63.0.3239.132)
  (Driver info: chromedriver=2.35.528139 (47ead77cb35ad2a9a83248b292151462a66cd881),platform=Linux 4.4.0-93-generic x86_64) (WARNING: The server did not provide any stacktrace information)
Command duration or timeout: 0 milliseconds
For documentation on this error, please visit: http://seleniumhq.org/exceptions/no_such_element.html
Build info: version: '3.8.1', revision: '6e95a6684b', time: '2017-12-01T18:33:54.468Z'
System info: host: 'ULTP-478', ip: '127.0.0.1', os.name: 'Linux', os.arch: 'amd64', os.version: '4.4.0-93-generic', java.version: '1.8.0_141'
Driver info: org.openqa.selenium.chrome.ChromeDriver
Capabilities {acceptInsecureCerts: false, acceptSslCerts: false, applicationCacheEnabled: false, browserConnectionEnabled: false, browserName: chrome, chrome: {chromedriverVersion: 2.35.528139 (47ead77cb35ad2..., userDataDir: /tmp/.org.chromium.Chromium...}, cssSelectorsEnabled: true, databaseEnabled: false, handlesAlerts: true, hasTouchScreen: false, javascriptEnabled: true, locationContextEnabled: true, mobileEmulationEnabled: false, nativeEvents: true, networkConnectionEnabled: false, pageLoadStrategy: normal, platform: LINUX, platformName: LINUX, rotatable: false, setWindowRect: true, takesHeapSnapshot: true, takesScreenshot: true, unexpectedAlertBehaviour: , unhandledPromptBehavior: , version: 63.0.3239.132, webStorageEnabled: true}
Session ID: 643dde8019fce1a6bab1e6db49ac682f
*** Element info: {Using=xpath, value=//*[@id='manageJobs']}
  sun.reflect.NativeConstructorAccessorImpl.newInstance0(Native Method)
  sun.reflect.NativeConstructorAccessorImpl.newInstance(NativeConstructorAccessorImpl.java:62)
  sun.reflect.DelegatingConstructorAccessorImpl.newInstance(DelegatingConstructorAccessorImpl.java:45)
  java.lang.reflect.Constructor.newInstance(Constructor.java:423)
  org.openqa.selenium.remote.ErrorHandler.createThrowable(ErrorHandler.java:214)
  org.openqa.selenium.remote.ErrorHandler.throwIfResponseFailed(ErrorHandler.java:166)
  org.openqa.selenium.remote.http.JsonHttpResponseCodec.reconstructValue(JsonHttpResponseCodec.java:40)
  org.openqa.selenium.remote.http.AbstractHttpResponseCodec.decode(AbstractHttpResponseCodec.java:80)
  org.openqa.selenium.remote.http.AbstractHttpResponseCodec.decode(AbstractHttpResponseCodec.java:44)
  org.openqa.selenium.remote.HttpCommandExecutor.execute(HttpCommandExecutor.java:164)
  org.openqa.selenium.remote.service.DriverCommandExecutor.execute(DriverCommandExecutor.java:83)
  org.openqa.selenium.remote.RemoteWebDriver.execute(RemoteWebDriver.java:601)
  org.openqa.selenium.remote.RemoteWebDriver.findElement(RemoteWebDriver.java:371)
  org.openqa.selenium.remote.RemoteWebDriver.findElementByXPath(RemoteWebDriver.java:473)
  org.openqa.selenium.By$ByXPath.findElement(By.java:361)
  org.openqa.selenium.remote.RemoteWebDriver.findElement(RemoteWebDriver.java:363)
  RezoomexApplicantTrackingSystem.com.rats.ExtentReport.ProcessJob(ExtentReport.java:210)
  sun.reflect.NativeMethodAccessorImpl.invoke0(Native Method)
  sun.reflect.NativeMethodAccessorImpl.invoke(NativeMethodAccessorImpl.java:62)
  sun.reflect.DelegatingMethodAccessorImpl.invoke(DelegatingMethodAccessorImpl.java:43)
  java.lang.reflect.Method.invoke(Method.java:498)
  org.testng.internal.MethodInvocationHelper.invokeMethod(MethodInvocationHelper.java:80)
  org.testng.internal.Invoker.invokeMethod(Invoker.java:714)
  org.testng.internal.Invoker.invokeTestMethod(Invoker.java:901)
  org.testng.internal.Invoker.invokeTestMethods(Invoker.java:1231)
  org.testng.internal.TestMethodWorker.invokeTestMethods(TestMethodWorker.java:127)
  org.testng.internal.TestMethodWorker.run(TestMethodWorker.java:111)
  org.testng.TestRunner.privateRun(TestRunner.java:767)
  org.testng.TestRunner.run(TestRunner.java:617)
  org.testng.SuiteRunner.runTest(SuiteRunner.java:334)
  org.testng.SuiteRunner.runSequentially(SuiteRunner.java:329)
  org.testng.SuiteRunner.privateRun(SuiteRunner.java:291)
  org.testng.SuiteRunner.run(SuiteRunner.java:240)
  org.testng.SuiteRunnerWorker.runSuite(SuiteRunnerWorker.java:52)
  org.testng.SuiteRunnerWorker.run(SuiteRunnerWorker.java:86)
  org.testng.TestNG.runSuitesSequentially(TestNG.java:1198)
  org.testng.TestNG.runSuitesLocally(TestNG.java:1123)
  org.testng.TestNG.run(TestNG.java:1031)
  org.testng.remote.AbstractRemoteTestNG.run(AbstractRemoteTestNG.java:114)
  org.testng.remote.RemoteTestNG.initAndRun(RemoteTestNG.java:251)
  org.testng.remote.RemoteTestNG.main(RemoteTestNG.java:77)
]]>
      </failure>

          </testcase>
  
            <testcase name="beforeclass" time="0.0" classname="RezoomexApplicantTrackingSystem.com.rats.ExtentReport">
          <skipped />
    </testcase>
            <testcase name="beforeclass" time="0.0" classname="RezoomexApplicantTrackingSystem.com.rats.ExtentReport">
          <skipped />
    </testcase>
            <testcase name="setTestResult" time="0.0" classname="RezoomexApplicantTrackingSystem.com.rats.ExtentReport">
          <skipped />
    </testcase>
            <testcase name="beforeclass" time="0.0" classname="RezoomexApplicantTrackingSystem.com.rats.ExtentReport">
          <skipped />
    </testcase>
            <testcase name="setTestResult" time="0.0" classname="RezoomexApplicantTrackingSystem.com.rats.ExtentReport">
          <skipped />
    </testcase>
            <testcase name="setTestResult" time="0.0" classname="RezoomexApplicantTrackingSystem.com.rats.ExtentReport">
          <skipped />
    </testcase>
            <testcase name="setTestResult" time="0.0" classname="RezoomexApplicantTrackingSystem.com.rats.ExtentReport">
          <skipped />
    </testcase>
            <testcase name="beforeclass" time="0.0" classname="RezoomexApplicantTrackingSystem.com.rats.ExtentReport">
          <skipped />
    </testcase>
            <testcase name="endTest" time="0.0" classname="RezoomexApplicantTrackingSystem.com.rats.ExtentReport">
          <skipped />
    </testcase>
            <testcase name="setTestResult" time="0.0" classname="RezoomexApplicantTrackingSystem.com.rats.ExtentReport">
          <skipped />
    </testcase>
            <testcase name="beforeclass" time="0.0" classname="RezoomexApplicantTrackingSystem.com.rats.ExtentReport">
          <skipped />
    </testcase>
            <testcase name="setTestResult" time="0.0" classname="RezoomexApplicantTrackingSystem.com.rats.ExtentReport">
          <skipped />
    </testcase>
            <testcase name="beforeclass" time="0.0" classname="RezoomexApplicantTrackingSystem.com.rats.ExtentReport">
          <skipped />
    </testcase>
            <testcase name="beforeclass" time="0.0" classname="RezoomexApplicantTrackingSystem.com.rats.ExtentReport">
          <skipped />
    </testcase>
            <testcase name="setTestResult" time="0.0" classname="RezoomexApplicantTrackingSystem.com.rats.ExtentReport">
          <skipped />
    </testcase>
            <testcase name="logoutTest" time="0.0" classname="RezoomexApplicantTrackingSystem.com.rats.ExtentReport">
          <skipped />
    </testcase>
            <testcase name="openjobtobeannotatedtab" time="0.0" classname="RezoomexApplicantTrackingSystem.com.rats.ExtentReport">
          <skipped />
    </testcase>
            <testcase name="refreshjob" time="0.0" classname="RezoomexApplicantTrackingSystem.com.rats.ExtentReport">
          <skipped />
    </testcase>
            <testcase name="downloadtracker" time="0.0" classname="RezoomexApplicantTrackingSystem.com.rats.ExtentReport">
          <skipped />
    </testcase>
            <testcase name="openjobannotatedtab" time="0.0" classname="RezoomexApplicantTrackingSystem.com.rats.ExtentReport">
          <skipped />
    </testcase>
            <testcase name="deletejob" time="0.0" classname="RezoomexApplicantTrackingSystem.com.rats.ExtentReport">
          <skipped />
    </testcase>
            <testcase name="trackjob" time="0.0" classname="RezoomexApplicantTrackingSystem.com.rats.ExtentReport">
          <skipped />
    </testcase>
  
            <testcase name="manualjob" time="27.610" classname="RezoomexApplicantTrackingSystem.com.rats.ExtentReport" />
                <testcase name="automatedjob" time="19.018" classname="RezoomexApplicantTrackingSystem.com.rats.ExtentReport" />
                <testcase name="pageTitleTest" time="0.047" classname="RezoomexApplicantTrackingSystem.com.rats.ExtentReport" />
      
</testsuite>
