<?xml version="1.0" encoding="UTF-8"?>
<!-- Generated by org.testng.reporters.JUnitXMLReporter -->
<testsuite hostname="ULTP-478" name="Default test" tests="11" failures="1" timestamp="25 Jun 2018 11:15:24 GMT" time="71.376" errors="0">
  <testcase name="@AfterMethod setTestResult" time="0.0" classname="RezoomexApplicantTrackingSystem.com.rats.ExtentReport">
    <failure type="java.lang.AssertionError" message="Screen Shot : com.aventstack.extentreports.ExtentTest@6d3c5255">
      <![CDATA[java.lang.AssertionError: Screen Shot : com.aventstack.extentreports.ExtentTest@6d3c5255
	at org.testng.Assert.fail(Assert.java:94)
	at RezoomexApplicantTrackingSystem.com.rats.ExtentReport.setTestResult(ExtentReport.java:421)
	at sun.reflect.NativeMethodAccessorImpl.invoke0(Native Method)
	at sun.reflect.NativeMethodAccessorImpl.invoke(NativeMethodAccessorImpl.java:62)
	at sun.reflect.DelegatingMethodAccessorImpl.invoke(DelegatingMethodAccessorImpl.java:43)
	at java.lang.reflect.Method.invoke(Method.java:498)
	at org.testng.internal.MethodInvocationHelper.invokeMethod(MethodInvocationHelper.java:80)
	at org.testng.internal.Invoker.invokeConfigurationMethod(Invoker.java:564)
	at org.testng.internal.Invoker.invokeConfigurations(Invoker.java:213)
	at org.testng.internal.Invoker.invokeMethod(Invoker.java:786)
	at org.testng.internal.Invoker.invokeTestMethod(Invoker.java:901)
	at org.testng.internal.Invoker.invokeTestMethods(Invoker.java:1231)
	at org.testng.internal.TestMethodWorker.invokeTestMethods(TestMethodWorker.java:127)
	at org.testng.internal.TestMethodWorker.run(TestMethodWorker.java:111)
	at org.testng.TestRunner.privateRun(TestRunner.java:767)
	at org.testng.TestRunner.run(TestRunner.java:617)
	at org.testng.SuiteRunner.runTest(SuiteRunner.java:334)
	at org.testng.SuiteRunner.runSequentially(SuiteRunner.java:329)
	at org.testng.SuiteRunner.privateRun(SuiteRunner.java:291)
	at org.testng.SuiteRunner.run(SuiteRunner.java:240)
	at org.testng.SuiteRunnerWorker.runSuite(SuiteRunnerWorker.java:52)
	at org.testng.SuiteRunnerWorker.run(SuiteRunnerWorker.java:86)
	at org.testng.TestNG.runSuitesSequentially(TestNG.java:1198)
	at org.testng.TestNG.runSuitesLocally(TestNG.java:1123)
	at org.testng.TestNG.run(TestNG.java:1031)
	at org.testng.remote.AbstractRemoteTestNG.run(AbstractRemoteTestNG.java:114)
	at org.testng.remote.RemoteTestNG.initAndRun(RemoteTestNG.java:251)
	at org.testng.remote.RemoteTestNG.main(RemoteTestNG.java:77)
]]>
    </failure>
  </testcase> <!-- @AfterMethod setTestResult -->
  <testcase name="@BeforeMethod beforeclass" time="0.0" classname="RezoomexApplicantTrackingSystem.com.rats.ExtentReport">
    <skipped/>
  </testcase> <!-- @BeforeMethod beforeclass -->
  <testcase name="@AfterMethod setTestResult" time="0.0" classname="RezoomexApplicantTrackingSystem.com.rats.ExtentReport">
    <skipped/>
  </testcase> <!-- @AfterMethod setTestResult -->
  <testcase name="@BeforeMethod beforeclass" time="0.0" classname="RezoomexApplicantTrackingSystem.com.rats.ExtentReport">
    <skipped/>
  </testcase> <!-- @BeforeMethod beforeclass -->
  <testcase name="@AfterMethod setTestResult" time="0.0" classname="RezoomexApplicantTrackingSystem.com.rats.ExtentReport">
    <skipped/>
  </testcase> <!-- @AfterMethod setTestResult -->
  <testcase name="@BeforeMethod beforeclass" time="0.0" classname="RezoomexApplicantTrackingSystem.com.rats.ExtentReport">
    <skipped/>
  </testcase> <!-- @BeforeMethod beforeclass -->
  <testcase name="@AfterMethod setTestResult" time="0.0" classname="RezoomexApplicantTrackingSystem.com.rats.ExtentReport">
    <skipped/>
  </testcase> <!-- @AfterMethod setTestResult -->
  <testcase name="@BeforeMethod beforeclass" time="0.0" classname="RezoomexApplicantTrackingSystem.com.rats.ExtentReport">
    <skipped/>
  </testcase> <!-- @BeforeMethod beforeclass -->
  <testcase name="@AfterMethod setTestResult" time="0.0" classname="RezoomexApplicantTrackingSystem.com.rats.ExtentReport">
    <skipped/>
  </testcase> <!-- @AfterMethod setTestResult -->
  <testcase name="@BeforeMethod beforeclass" time="0.0" classname="RezoomexApplicantTrackingSystem.com.rats.ExtentReport">
    <skipped/>
  </testcase> <!-- @BeforeMethod beforeclass -->
  <testcase name="@AfterMethod setTestResult" time="0.0" classname="RezoomexApplicantTrackingSystem.com.rats.ExtentReport">
    <skipped/>
  </testcase> <!-- @AfterMethod setTestResult -->
  <testcase name="@BeforeMethod beforeclass" time="0.0" classname="RezoomexApplicantTrackingSystem.com.rats.ExtentReport">
    <skipped/>
  </testcase> <!-- @BeforeMethod beforeclass -->
  <testcase name="@AfterMethod setTestResult" time="0.0" classname="RezoomexApplicantTrackingSystem.com.rats.ExtentReport">
    <skipped/>
  </testcase> <!-- @AfterMethod setTestResult -->
  <testcase name="@BeforeMethod beforeclass" time="0.0" classname="RezoomexApplicantTrackingSystem.com.rats.ExtentReport">
    <skipped/>
  </testcase> <!-- @BeforeMethod beforeclass -->
  <testcase name="@AfterMethod setTestResult" time="0.0" classname="RezoomexApplicantTrackingSystem.com.rats.ExtentReport">
    <skipped/>
  </testcase> <!-- @AfterMethod setTestResult -->
  <testcase name="@BeforeMethod beforeclass" time="0.0" classname="RezoomexApplicantTrackingSystem.com.rats.ExtentReport">
    <skipped/>
  </testcase> <!-- @BeforeMethod beforeclass -->
  <testcase name="@AfterMethod setTestResult" time="0.0" classname="RezoomexApplicantTrackingSystem.com.rats.ExtentReport">
    <skipped/>
  </testcase> <!-- @AfterMethod setTestResult -->
  <testcase name="@AfterTest endTest" time="0.0" classname="RezoomexApplicantTrackingSystem.com.rats.ExtentReport">
    <skipped/>
  </testcase> <!-- @AfterTest endTest -->
  <testcase name="pageTitleTest" time="0.022" classname="RezoomexApplicantTrackingSystem.com.rats.ExtentReport"/>
  <testcase name="automatedjob" time="18.63" classname="RezoomexApplicantTrackingSystem.com.rats.ExtentReport"/>
  <testcase name="manualjob" time="16.619" classname="RezoomexApplicantTrackingSystem.com.rats.ExtentReport">
    <failure type="org.openqa.selenium.WebDriverException" message="unknown error: Element &amp;lt;button class=&amp;quot;btn btn-labeled btn-info btn-reload pull-right&amp;quot; id=&amp;quot;createjobbuttonId&amp;quot; ng-disabled=&amp;quot;!jobdescriptionData || !formInfo.company || !formInfo.selectTechnology || (!createdJdName &amp;amp;amp;&amp;amp;amp; formInfo.selectedJob == undefined)&amp;quot; data-ng-click=&amp;quot;CreateJobDescription()&amp;quot; disabled=&amp;quot;disabled&amp;quot;&amp;gt;...&amp;lt;/button&amp;gt; is not clickable at point (646, 511). Other element would receive the click: &amp;lt;div class=&amp;quot;col-md-12 col-sm-12 col-lg-12 nopadding select-job&amp;quot;&amp;gt;...&amp;lt;/div&amp;gt;
  (Session info: headless chrome=63.0.3239.132)
  (Driver info: chromedriver=2.35.528139 (47ead77cb35ad2a9a83248b292151462a66cd881),platform=Linux 4.4.0-93-generic x86_64) (WARNING: The server did not provide any stacktrace information)
Command duration or timeout: 0 milliseconds
Build info: version: &amp;apos;3.8.1&amp;apos;, revision: &amp;apos;6e95a6684b&amp;apos;, time: &amp;apos;2017-12-01T18:33:54.468Z&amp;apos;
System info: host: &amp;apos;ULTP-478&amp;apos;, ip: &amp;apos;127.0.0.1&amp;apos;, os.name: &amp;apos;Linux&amp;apos;, os.arch: &amp;apos;amd64&amp;apos;, os.version: &amp;apos;4.4.0-93-generic&amp;apos;, java.version: &amp;apos;1.8.0_141&amp;apos;
Driver info: org.openqa.selenium.chrome.ChromeDriver
Capabilities {acceptInsecureCerts: false, acceptSslCerts: false, applicationCacheEnabled: false, browserConnectionEnabled: false, browserName: chrome, chrome: {chromedriverVersion: 2.35.528139 (47ead77cb35ad2..., userDataDir: /tmp/.org.chromium.Chromium...}, cssSelectorsEnabled: true, databaseEnabled: false, handlesAlerts: true, hasTouchScreen: false, javascriptEnabled: true, locationContextEnabled: true, mobileEmulationEnabled: false, nativeEvents: true, networkConnectionEnabled: false, pageLoadStrategy: normal, platform: LINUX, platformName: LINUX, rotatable: false, setWindowRect: true, takesHeapSnapshot: true, takesScreenshot: true, unexpectedAlertBehaviour: , unhandledPromptBehavior: , version: 63.0.3239.132, webStorageEnabled: true}
Session ID: d6efafb1b41415168f4c404e963ab0bc">
      <![CDATA[org.openqa.selenium.WebDriverException: unknown error: Element <button class="btn btn-labeled btn-info btn-reload pull-right" id="createjobbuttonId" ng-disabled="!jobdescriptionData || !formInfo.company || !formInfo.selectTechnology || (!createdJdName &amp;&amp; formInfo.selectedJob == undefined)" data-ng-click="CreateJobDescription()" disabled="disabled">...</button> is not clickable at point (646, 511). Other element would receive the click: <div class="col-md-12 col-sm-12 col-lg-12 nopadding select-job">...</div>
  (Session info: headless chrome=63.0.3239.132)
  (Driver info: chromedriver=2.35.528139 (47ead77cb35ad2a9a83248b292151462a66cd881),platform=Linux 4.4.0-93-generic x86_64) (WARNING: The server did not provide any stacktrace information)
Command duration or timeout: 0 milliseconds
Build info: version: '3.8.1', revision: '6e95a6684b', time: '2017-12-01T18:33:54.468Z'
System info: host: 'ULTP-478', ip: '127.0.0.1', os.name: 'Linux', os.arch: 'amd64', os.version: '4.4.0-93-generic', java.version: '1.8.0_141'
Driver info: org.openqa.selenium.chrome.ChromeDriver
Capabilities {acceptInsecureCerts: false, acceptSslCerts: false, applicationCacheEnabled: false, browserConnectionEnabled: false, browserName: chrome, chrome: {chromedriverVersion: 2.35.528139 (47ead77cb35ad2..., userDataDir: /tmp/.org.chromium.Chromium...}, cssSelectorsEnabled: true, databaseEnabled: false, handlesAlerts: true, hasTouchScreen: false, javascriptEnabled: true, locationContextEnabled: true, mobileEmulationEnabled: false, nativeEvents: true, networkConnectionEnabled: false, pageLoadStrategy: normal, platform: LINUX, platformName: LINUX, rotatable: false, setWindowRect: true, takesHeapSnapshot: true, takesScreenshot: true, unexpectedAlertBehaviour: , unhandledPromptBehavior: , version: 63.0.3239.132, webStorageEnabled: true}
Session ID: d6efafb1b41415168f4c404e963ab0bc
	at sun.reflect.NativeConstructorAccessorImpl.newInstance0(Native Method)
	at sun.reflect.NativeConstructorAccessorImpl.newInstance(NativeConstructorAccessorImpl.java:62)
	at sun.reflect.DelegatingConstructorAccessorImpl.newInstance(DelegatingConstructorAccessorImpl.java:45)
	at java.lang.reflect.Constructor.newInstance(Constructor.java:423)
	at org.openqa.selenium.remote.ErrorHandler.createThrowable(ErrorHandler.java:214)
	at org.openqa.selenium.remote.ErrorHandler.throwIfResponseFailed(ErrorHandler.java:166)
	at org.openqa.selenium.remote.http.JsonHttpResponseCodec.reconstructValue(JsonHttpResponseCodec.java:40)
	at org.openqa.selenium.remote.http.AbstractHttpResponseCodec.decode(AbstractHttpResponseCodec.java:80)
	at org.openqa.selenium.remote.http.AbstractHttpResponseCodec.decode(AbstractHttpResponseCodec.java:44)
	at org.openqa.selenium.remote.HttpCommandExecutor.execute(HttpCommandExecutor.java:164)
	at org.openqa.selenium.remote.service.DriverCommandExecutor.execute(DriverCommandExecutor.java:83)
	at org.openqa.selenium.remote.RemoteWebDriver.execute(RemoteWebDriver.java:601)
	at org.openqa.selenium.remote.RemoteWebElement.execute(RemoteWebElement.java:279)
	at org.openqa.selenium.remote.RemoteWebElement.click(RemoteWebElement.java:83)
	at RezoomexApplicantTrackingSystem.com.rats.ExtentReport.manualjob(ExtentReport.java:184)
	at sun.reflect.NativeMethodAccessorImpl.invoke0(Native Method)
	at sun.reflect.NativeMethodAccessorImpl.invoke(NativeMethodAccessorImpl.java:62)
	at sun.reflect.DelegatingMethodAccessorImpl.invoke(DelegatingMethodAccessorImpl.java:43)
	at java.lang.reflect.Method.invoke(Method.java:498)
	at org.testng.internal.MethodInvocationHelper.invokeMethod(MethodInvocationHelper.java:80)
	at org.testng.internal.Invoker.invokeMethod(Invoker.java:714)
	at org.testng.internal.Invoker.invokeTestMethod(Invoker.java:901)
	at org.testng.internal.Invoker.invokeTestMethods(Invoker.java:1231)
	at org.testng.internal.TestMethodWorker.invokeTestMethods(TestMethodWorker.java:127)
	at org.testng.internal.TestMethodWorker.run(TestMethodWorker.java:111)
	at org.testng.TestRunner.privateRun(TestRunner.java:767)
	at org.testng.TestRunner.run(TestRunner.java:617)
	at org.testng.SuiteRunner.runTest(SuiteRunner.java:334)
	at org.testng.SuiteRunner.runSequentially(SuiteRunner.java:329)
	at org.testng.SuiteRunner.privateRun(SuiteRunner.java:291)
	at org.testng.SuiteRunner.run(SuiteRunner.java:240)
	at org.testng.SuiteRunnerWorker.runSuite(SuiteRunnerWorker.java:52)
	at org.testng.SuiteRunnerWorker.run(SuiteRunnerWorker.java:86)
	at org.testng.TestNG.runSuitesSequentially(TestNG.java:1198)
	at org.testng.TestNG.runSuitesLocally(TestNG.java:1123)
	at org.testng.TestNG.run(TestNG.java:1031)
	at org.testng.remote.AbstractRemoteTestNG.run(AbstractRemoteTestNG.java:114)
	at org.testng.remote.RemoteTestNG.initAndRun(RemoteTestNG.java:251)
	at org.testng.remote.RemoteTestNG.main(RemoteTestNG.java:77)
]]>
    </failure>
  </testcase> <!-- manualjob -->
  <testcase name="ProcessJob" time="0.001" classname="RezoomexApplicantTrackingSystem.com.rats.ExtentReport">
    <skipped/>
  </testcase> <!-- ProcessJob -->
  <testcase name="openjobannotatedtab" time="0.001" classname="RezoomexApplicantTrackingSystem.com.rats.ExtentReport">
    <skipped/>
  </testcase> <!-- openjobannotatedtab -->
  <testcase name="openjobtobeannotatedtab" time="0.001" classname="RezoomexApplicantTrackingSystem.com.rats.ExtentReport">
    <skipped/>
  </testcase> <!-- openjobtobeannotatedtab -->
  <testcase name="trackjob" time="0.001" classname="RezoomexApplicantTrackingSystem.com.rats.ExtentReport">
    <skipped/>
  </testcase> <!-- trackjob -->
  <testcase name="downloadtracker" time="0.001" classname="RezoomexApplicantTrackingSystem.com.rats.ExtentReport">
    <skipped/>
  </testcase> <!-- downloadtracker -->
  <testcase name="deletejob" time="0.001" classname="RezoomexApplicantTrackingSystem.com.rats.ExtentReport">
    <skipped/>
  </testcase> <!-- deletejob -->
  <testcase name="refreshjob" time="0.001" classname="RezoomexApplicantTrackingSystem.com.rats.ExtentReport">
    <skipped/>
  </testcase> <!-- refreshjob -->
  <testcase name="logoutTest" time="0.001" classname="RezoomexApplicantTrackingSystem.com.rats.ExtentReport">
    <skipped/>
  </testcase> <!-- logoutTest -->
</testsuite> <!-- Default test -->
