<html>
<head>
<title>TestNG:  Default test</title>
<link href="../testng.css" rel="stylesheet" type="text/css" />
<link href="../my-testng.css" rel="stylesheet" type="text/css" />

<style type="text/css">
.log { display: none;} 
.stack-trace { display: none;} 
</style>
<script type="text/javascript">
<!--
function flip(e) {
  current = e.style.display;
  if (current == 'block') {
    e.style.display = 'none';
    return 0;
  }
  else {
    e.style.display = 'block';
    return 1;
  }
}

function toggleBox(szDivId, elem, msg1, msg2)
{
  var res = -1;  if (document.getElementById) {
    res = flip(document.getElementById(szDivId));
  }
  else if (document.all) {
    // this is the way old msie versions work
    res = flip(document.all[szDivId]);
  }
  if(elem) {
    if(res == 0) elem.innerHTML = msg1; else elem.innerHTML = msg2;
  }

}

function toggleAllBoxes() {
  if (document.getElementsByTagName) {
    d = document.getElementsByTagName('div');
    for (i = 0; i < d.length; i++) {
      if (d[i].className == 'log') {
        flip(d[i]);
      }
    }
  }
}

// -->
</script>

</head>
<body>
<h2 align='center'>Default test</h2><table border='1' align="center">
<tr>
<td>Tests passed/Failed/Skipped:</td><td>5/2/5</td>
</tr><tr>
<td>Started on:</td><td>Tue Jun 12 19:03:05 IST 2018</td>
</tr>
<tr><td>Total time:</td><td>181 seconds (181522 ms)</td>
</tr><tr>
<td>Included groups:</td><td></td>
</tr><tr>
<td>Excluded groups:</td><td></td>
</tr>
</table><p/>
<small><i>(Hover the method name to see the test class name)</i></small><p/>
<table width='100%' border='1' class='invocation-failed'>
<tr><td colspan='4' align='center'><b>FAILED CONFIGURATIONS</b></td></tr>
<tr><td><b>Test method</b></td>
<td width="30%"><b>Exception</b></td>
<td width="10%"><b>Time (seconds)</b></td>
<td><b>Instance</b></td>
</tr>
<tr>
<td title='RezoomexApplicantTrackingSystem.com.rats.ExtentReport.setTestResult()'><b>setTestResult</b><br>Test class: RezoomexApplicantTrackingSystem.com.rats.ExtentReport<br>Parameters: [TestResult name=openjobtobeannotatedtab status=FAILURE method=ExtentReport.openjobtobeannotatedtab()[pri:0, instance:RezoomexApplicantTrackingSystem.com.rats.ExtentReport@59fa1d9b] output={null}]</td>
<td><div><pre>java.lang.AssertionError: Screen Shot : com.aventstack.extentreports.ExtentTest@52066604
	at org.testng.Assert.fail(Assert.java:94)
	at RezoomexApplicantTrackingSystem.com.rats.ExtentReport.setTestResult(ExtentReport.java:414)
	at sun.reflect.NativeMethodAccessorImpl.invoke0(Native Method)
	at sun.reflect.NativeMethodAccessorImpl.invoke(NativeMethodAccessorImpl.java:62)
	at sun.reflect.DelegatingMethodAccessorImpl.invoke(DelegatingMethodAccessorImpl.java:43)
	at java.lang.reflect.Method.invoke(Method.java:498)
	at org.testng.internal.MethodInvocationHelper.invokeMethod(MethodInvocationHelper.java:80)
	at org.testng.internal.Invoker.invokeConfigurationMethod(Invoker.java:564)
	at org.testng.internal.Invoker.invokeConfigurations(Invoker.java:213)
	at org.testng.internal.Invoker.invokeMethod(Invoker.java:786)
	at org.testng.internal.Invoker.invokeTestMethod(Invoker.java:901)
	at org.testng.internal.Invoker.invokeTestMethods(Invoker.java:1231)
	at org.testng.internal.TestMethodWorker.invokeTestMethods(TestMethodWorker.java:127)
	at org.testng.internal.TestMethodWorker.run(TestMethodWorker.java:111)
	at org.testng.TestRunner.privateRun(TestRunner.java:767)
	at org.testng.TestRunner.run(TestRunner.java:617)
	at org.testng.SuiteRunner.runTest(SuiteRunner.java:334)
	at org.testng.SuiteRunner.runSequentially(SuiteRunner.java:329)
	at org.testng.SuiteRunner.privateRun(SuiteRunner.java:291)
	at org.testng.SuiteRunner.run(SuiteRunner.java:240)
	at org.testng.SuiteRunnerWorker.runSuite(SuiteRunnerWorker.java:52)
	at org.testng.SuiteRunnerWorker.run(SuiteRunnerWorker.java:86)
	at org.testng.TestNG.runSuitesSequentially(TestNG.java:1198)
	at org.testng.TestNG.runSuitesLocally(TestNG.java:1123)
	at org.testng.TestNG.run(TestNG.java:1031)
	at org.testng.remote.AbstractRemoteTestNG.run(AbstractRemoteTestNG.java:114)
	at org.testng.remote.RemoteTestNG.initAndRun(RemoteTestNG.java:251)
	at org.testng.remote.RemoteTestNG.main(RemoteTestNG.java:77)
</pre></div><a href='#' onClick='toggleBox("stack-trace12905860", this, "Click to show all stack frames", "Click to hide stack frames")'>Click to show all stack frames</a>
<div class='stack-trace' id='stack-trace12905860'><pre>java.lang.AssertionError: Screen Shot : com.aventstack.extentreports.ExtentTest@52066604
	at org.testng.Assert.fail(Assert.java:94)
	at RezoomexApplicantTrackingSystem.com.rats.ExtentReport.setTestResult(ExtentReport.java:414)
	at sun.reflect.NativeMethodAccessorImpl.invoke0(Native Method)
	at sun.reflect.NativeMethodAccessorImpl.invoke(NativeMethodAccessorImpl.java:62)
	at sun.reflect.DelegatingMethodAccessorImpl.invoke(DelegatingMethodAccessorImpl.java:43)
	at java.lang.reflect.Method.invoke(Method.java:498)
	at org.testng.internal.MethodInvocationHelper.invokeMethod(MethodInvocationHelper.java:80)
	at org.testng.internal.Invoker.invokeConfigurationMethod(Invoker.java:564)
	at org.testng.internal.Invoker.invokeConfigurations(Invoker.java:213)
	at org.testng.internal.Invoker.invokeMethod(Invoker.java:786)
	at org.testng.internal.Invoker.invokeTestMethod(Invoker.java:901)
	at org.testng.internal.Invoker.invokeTestMethods(Invoker.java:1231)
	at org.testng.internal.TestMethodWorker.invokeTestMethods(TestMethodWorker.java:127)
	at org.testng.internal.TestMethodWorker.run(TestMethodWorker.java:111)
	at org.testng.TestRunner.privateRun(TestRunner.java:767)
	at org.testng.TestRunner.run(TestRunner.java:617)
	at org.testng.SuiteRunner.runTest(SuiteRunner.java:334)
	at org.testng.SuiteRunner.runSequentially(SuiteRunner.java:329)
	at org.testng.SuiteRunner.privateRun(SuiteRunner.java:291)
	at org.testng.SuiteRunner.run(SuiteRunner.java:240)
	at org.testng.SuiteRunnerWorker.runSuite(SuiteRunnerWorker.java:52)
	at org.testng.SuiteRunnerWorker.run(SuiteRunnerWorker.java:86)
	at org.testng.TestNG.runSuitesSequentially(TestNG.java:1198)
	at org.testng.TestNG.runSuitesLocally(TestNG.java:1123)
	at org.testng.TestNG.run(TestNG.java:1031)
	at org.testng.remote.AbstractRemoteTestNG.run(AbstractRemoteTestNG.java:114)
	at org.testng.remote.RemoteTestNG.initAndRun(RemoteTestNG.java:251)
	at org.testng.remote.RemoteTestNG.main(RemoteTestNG.java:77)
</pre></div></td>
<td>0</td>
<td>RezoomexApplicantTrackingSystem.com.rats.ExtentReport@59fa1d9b</td></tr>
</table><p>
<table width='100%' border='1' class='invocation-skipped'>
<tr><td colspan='4' align='center'><b>SKIPPED CONFIGURATIONS</b></td></tr>
<tr><td><b>Test method</b></td>
<td width="30%"><b>Exception</b></td>
<td width="10%"><b>Time (seconds)</b></td>
<td><b>Instance</b></td>
</tr>
<tr>
<td title='RezoomexApplicantTrackingSystem.com.rats.ExtentReport.beforeclass()'><b>beforeclass</b><br>Test class: RezoomexApplicantTrackingSystem.com.rats.ExtentReport</td>
<td></td>
<td>0</td>
<td>RezoomexApplicantTrackingSystem.com.rats.ExtentReport@59fa1d9b</td></tr>
<tr>
<td title='RezoomexApplicantTrackingSystem.com.rats.ExtentReport.beforeclass()'><b>beforeclass</b><br>Test class: RezoomexApplicantTrackingSystem.com.rats.ExtentReport</td>
<td></td>
<td>0</td>
<td>RezoomexApplicantTrackingSystem.com.rats.ExtentReport@59fa1d9b</td></tr>
<tr>
<td title='RezoomexApplicantTrackingSystem.com.rats.ExtentReport.beforeclass()'><b>beforeclass</b><br>Test class: RezoomexApplicantTrackingSystem.com.rats.ExtentReport</td>
<td></td>
<td>0</td>
<td>RezoomexApplicantTrackingSystem.com.rats.ExtentReport@59fa1d9b</td></tr>
<tr>
<td title='RezoomexApplicantTrackingSystem.com.rats.ExtentReport.beforeclass()'><b>beforeclass</b><br>Test class: RezoomexApplicantTrackingSystem.com.rats.ExtentReport</td>
<td></td>
<td>0</td>
<td>RezoomexApplicantTrackingSystem.com.rats.ExtentReport@59fa1d9b</td></tr>
<tr>
<td title='RezoomexApplicantTrackingSystem.com.rats.ExtentReport.beforeclass()'><b>beforeclass</b><br>Test class: RezoomexApplicantTrackingSystem.com.rats.ExtentReport</td>
<td></td>
<td>0</td>
<td>RezoomexApplicantTrackingSystem.com.rats.ExtentReport@59fa1d9b</td></tr>
<tr>
<td title='RezoomexApplicantTrackingSystem.com.rats.ExtentReport.setTestResult()'><b>setTestResult</b><br>Test class: RezoomexApplicantTrackingSystem.com.rats.ExtentReport</td>
<td></td>
<td>0</td>
<td>RezoomexApplicantTrackingSystem.com.rats.ExtentReport@59fa1d9b</td></tr>
<tr>
<td title='RezoomexApplicantTrackingSystem.com.rats.ExtentReport.setTestResult()'><b>setTestResult</b><br>Test class: RezoomexApplicantTrackingSystem.com.rats.ExtentReport</td>
<td></td>
<td>0</td>
<td>RezoomexApplicantTrackingSystem.com.rats.ExtentReport@59fa1d9b</td></tr>
<tr>
<td title='RezoomexApplicantTrackingSystem.com.rats.ExtentReport.setTestResult()'><b>setTestResult</b><br>Test class: RezoomexApplicantTrackingSystem.com.rats.ExtentReport</td>
<td></td>
<td>0</td>
<td>RezoomexApplicantTrackingSystem.com.rats.ExtentReport@59fa1d9b</td></tr>
<tr>
<td title='RezoomexApplicantTrackingSystem.com.rats.ExtentReport.setTestResult()'><b>setTestResult</b><br>Test class: RezoomexApplicantTrackingSystem.com.rats.ExtentReport</td>
<td></td>
<td>0</td>
<td>RezoomexApplicantTrackingSystem.com.rats.ExtentReport@59fa1d9b</td></tr>
<tr>
<td title='RezoomexApplicantTrackingSystem.com.rats.ExtentReport.setTestResult()'><b>setTestResult</b><br>Test class: RezoomexApplicantTrackingSystem.com.rats.ExtentReport</td>
<td></td>
<td>0</td>
<td>RezoomexApplicantTrackingSystem.com.rats.ExtentReport@59fa1d9b</td></tr>
<tr>
<td title='RezoomexApplicantTrackingSystem.com.rats.ExtentReport.endTest()'><b>endTest</b><br>Test class: RezoomexApplicantTrackingSystem.com.rats.ExtentReport</td>
<td></td>
<td>0</td>
<td>null</td></tr>
</table><p>
<table width='100%' border='1' class='invocation-failed'>
<tr><td colspan='4' align='center'><b>FAILED TESTS</b></td></tr>
<tr><td><b>Test method</b></td>
<td width="30%"><b>Exception</b></td>
<td width="10%"><b>Time (seconds)</b></td>
<td><b>Instance</b></td>
</tr>
<tr>
<td title='RezoomexApplicantTrackingSystem.com.rats.ExtentReport.openjobtobeannotatedtab()'><b>openjobtobeannotatedtab</b><br>Test class: RezoomexApplicantTrackingSystem.com.rats.ExtentReport</td>
<td><div><pre>org.openqa.selenium.ElementNotVisibleException: element not visible
  (Session info: chrome=63.0.3239.132)
  (Driver info: chromedriver=2.35.528139 (47ead77cb35ad2a9a83248b292151462a66cd881),platform=Linux 4.4.0-93-generic x86_64) (WARNING: The server did not provide any stacktrace information)
Command duration or timeout: 0 milliseconds
Build info: version: &apos;3.8.1&apos;, revision: &apos;6e95a6684b&apos;, time: &apos;2017-12-01T18:33:54.468Z&apos;
System info: host: &apos;ULTP-478&apos;, ip: &apos;127.0.0.1&apos;, os.name: &apos;Linux&apos;, os.arch: &apos;amd64&apos;, os.version: &apos;4.4.0-93-generic&apos;, java.version: &apos;1.8.0_141&apos;
Driver info: org.openqa.selenium.chrome.ChromeDriver
Capabilities {acceptInsecureCerts: false, acceptSslCerts: false, applicationCacheEnabled: false, browserConnectionEnabled: false, browserName: chrome, chrome: {chromedriverVersion: 2.35.528139 (47ead77cb35ad2..., userDataDir: /tmp/.org.chromium.Chromium...}, cssSelectorsEnabled: true, databaseEnabled: false, handlesAlerts: true, hasTouchScreen: false, javascriptEnabled: true, locationContextEnabled: true, mobileEmulationEnabled: false, nativeEvents: true, networkConnectionEnabled: false, pageLoadStrategy: normal, platform: LINUX, platformName: LINUX, rotatable: false, setWindowRect: true, takesHeapSnapshot: true, takesScreenshot: true, unexpectedAlertBehaviour: , unhandledPromptBehavior: , version: 63.0.3239.132, webStorageEnabled: true}
Session ID: 00380dc8fc0d389d132e5bab39de66c5
	at sun.reflect.NativeConstructorAccessorImpl.newInstance0(Native Method)
	at sun.reflect.NativeConstructorAccessorImpl.newInstance(NativeConstructorAccessorImpl.java:62)
	at sun.reflect.DelegatingConstructorAccessorImpl.newInstance(DelegatingConstructorAccessorImpl.java:45)
	at java.lang.reflect.Constructor.newInstance(Constructor.java:423)
	at org.openqa.selenium.remote.ErrorHandler.createThrowable(ErrorHandler.java:214)
	at org.openqa.selenium.remote.ErrorHandler.throwIfResponseFailed(ErrorHandler.java:166)
	at org.openqa.selenium.remote.http.JsonHttpResponseCodec.reconstructValue(JsonHttpResponseCodec.java:40)
	at org.openqa.selenium.remote.http.AbstractHttpResponseCodec.decode(AbstractHttpResponseCodec.java:80)
	at org.openqa.selenium.remote.http.AbstractHttpResponseCodec.decode(AbstractHttpResponseCodec.java:44)
	at org.openqa.selenium.remote.HttpCommandExecutor.execute(HttpCommandExecutor.java:164)
	at org.openqa.selenium.remote.service.DriverCommandExecutor.execute(DriverCommandExecutor.java:83)
	at org.openqa.selenium.remote.RemoteWebDriver.execute(RemoteWebDriver.java:601)
	at org.openqa.selenium.remote.RemoteWebElement.execute(RemoteWebElement.java:279)
	at org.openqa.selenium.remote.RemoteWebElement.click(RemoteWebElement.java:83)
	at RezoomexApplicantTrackingSystem.com.rats.ExtentReport.openjobtobeannotatedtab(ExtentReport.java:290)
	at sun.reflect.NativeMethodAccessorImpl.invoke0(Native Method)
	at sun.reflect.NativeMethodAccessorImpl.invoke(NativeMethodAccessorImpl.java:62)
	at sun.reflect.DelegatingMethodAccessorImpl.invoke(DelegatingMethodAccessorImpl.java:43)
	at java.lang.reflect.Method.invoke(Method.java:498)
	at org.testng.internal.MethodInvocationHelper.invokeMethod(MethodInvocationHelper.java:80)
	at org.testng.internal.Invoker.invokeMethod(Invoker.java:714)
	at org.testng.internal.Invoker.invokeTestMethod(Invoker.java:901)
	at org.testng.internal.Invoker.invokeTestMethods(Invoker.java:1231)
	at org.testng.internal.TestMethodWorker.invokeTestMethods(TestMethodWorker.java:127)
	at org.testng.internal.TestMethodWorker.run(TestMethodWorker.java:111)
	at org.testng.TestRunner.privateRun(TestRunner.java:767)
	at org.testng.TestRunner.run(TestRunner.java:617)
	at org.testng.SuiteRunner.runTest(SuiteRunner.java:334)
	at org.testng.SuiteRunner.runSequentially(SuiteRunner.java:329)
	at org.testng.SuiteRunner.privateRun(SuiteRunner.java:291)
	at org.testng.SuiteRunner.run(SuiteRunner.java:240)
	at org.testng.SuiteRunnerWorker.runSuite(SuiteRunnerWorker.java:52)
	at org.testng.SuiteRunnerWorker.run(SuiteRunnerWorker.java:86)
	at org.testng.TestNG.runSuitesSequentially(TestNG.java:1198)
	at org.testng.TestNG.runSuitesLocally(TestNG.java:1123)
	at org.testng.TestNG.run(TestNG.java:1031)
	at org.testng.remote.AbstractRemoteTestNG.run(AbstractRemoteTestNG.java:114)
	at org.testng.remote.RemoteTestNG.initAndRun(RemoteTestNG.java:251)
	at org.testng.remote.RemoteTestNG.main(RemoteTestNG.java:77)
</pre></div><a href='#' onClick='toggleBox("stack-trace1987977423", this, "Click to show all stack frames", "Click to hide stack frames")'>Click to show all stack frames</a>
<div class='stack-trace' id='stack-trace1987977423'><pre>org.openqa.selenium.ElementNotVisibleException: element not visible
  (Session info: chrome=63.0.3239.132)
  (Driver info: chromedriver=2.35.528139 (47ead77cb35ad2a9a83248b292151462a66cd881),platform=Linux 4.4.0-93-generic x86_64) (WARNING: The server did not provide any stacktrace information)
Command duration or timeout: 0 milliseconds
Build info: version: &apos;3.8.1&apos;, revision: &apos;6e95a6684b&apos;, time: &apos;2017-12-01T18:33:54.468Z&apos;
System info: host: &apos;ULTP-478&apos;, ip: &apos;127.0.0.1&apos;, os.name: &apos;Linux&apos;, os.arch: &apos;amd64&apos;, os.version: &apos;4.4.0-93-generic&apos;, java.version: &apos;1.8.0_141&apos;
Driver info: org.openqa.selenium.chrome.ChromeDriver
Capabilities {acceptInsecureCerts: false, acceptSslCerts: false, applicationCacheEnabled: false, browserConnectionEnabled: false, browserName: chrome, chrome: {chromedriverVersion: 2.35.528139 (47ead77cb35ad2..., userDataDir: /tmp/.org.chromium.Chromium...}, cssSelectorsEnabled: true, databaseEnabled: false, handlesAlerts: true, hasTouchScreen: false, javascriptEnabled: true, locationContextEnabled: true, mobileEmulationEnabled: false, nativeEvents: true, networkConnectionEnabled: false, pageLoadStrategy: normal, platform: LINUX, platformName: LINUX, rotatable: false, setWindowRect: true, takesHeapSnapshot: true, takesScreenshot: true, unexpectedAlertBehaviour: , unhandledPromptBehavior: , version: 63.0.3239.132, webStorageEnabled: true}
Session ID: 00380dc8fc0d389d132e5bab39de66c5
	at sun.reflect.NativeConstructorAccessorImpl.newInstance0(Native Method)
	at sun.reflect.NativeConstructorAccessorImpl.newInstance(NativeConstructorAccessorImpl.java:62)
	at sun.reflect.DelegatingConstructorAccessorImpl.newInstance(DelegatingConstructorAccessorImpl.java:45)
	at java.lang.reflect.Constructor.newInstance(Constructor.java:423)
	at org.openqa.selenium.remote.ErrorHandler.createThrowable(ErrorHandler.java:214)
	at org.openqa.selenium.remote.ErrorHandler.throwIfResponseFailed(ErrorHandler.java:166)
	at org.openqa.selenium.remote.http.JsonHttpResponseCodec.reconstructValue(JsonHttpResponseCodec.java:40)
	at org.openqa.selenium.remote.http.AbstractHttpResponseCodec.decode(AbstractHttpResponseCodec.java:80)
	at org.openqa.selenium.remote.http.AbstractHttpResponseCodec.decode(AbstractHttpResponseCodec.java:44)
	at org.openqa.selenium.remote.HttpCommandExecutor.execute(HttpCommandExecutor.java:164)
	at org.openqa.selenium.remote.service.DriverCommandExecutor.execute(DriverCommandExecutor.java:83)
	at org.openqa.selenium.remote.RemoteWebDriver.execute(RemoteWebDriver.java:601)
	at org.openqa.selenium.remote.RemoteWebElement.execute(RemoteWebElement.java:279)
	at org.openqa.selenium.remote.RemoteWebElement.click(RemoteWebElement.java:83)
	at RezoomexApplicantTrackingSystem.com.rats.ExtentReport.openjobtobeannotatedtab(ExtentReport.java:290)
	at sun.reflect.NativeMethodAccessorImpl.invoke0(Native Method)
	at sun.reflect.NativeMethodAccessorImpl.invoke(NativeMethodAccessorImpl.java:62)
	at sun.reflect.DelegatingMethodAccessorImpl.invoke(DelegatingMethodAccessorImpl.java:43)
	at java.lang.reflect.Method.invoke(Method.java:498)
	at org.testng.internal.MethodInvocationHelper.invokeMethod(MethodInvocationHelper.java:80)
	at org.testng.internal.Invoker.invokeMethod(Invoker.java:714)
	at org.testng.internal.Invoker.invokeTestMethod(Invoker.java:901)
	at org.testng.internal.Invoker.invokeTestMethods(Invoker.java:1231)
	at org.testng.internal.TestMethodWorker.invokeTestMethods(TestMethodWorker.java:127)
	at org.testng.internal.TestMethodWorker.run(TestMethodWorker.java:111)
	at org.testng.TestRunner.privateRun(TestRunner.java:767)
	at org.testng.TestRunner.run(TestRunner.java:617)
	at org.testng.SuiteRunner.runTest(SuiteRunner.java:334)
	at org.testng.SuiteRunner.runSequentially(SuiteRunner.java:329)
	at org.testng.SuiteRunner.privateRun(SuiteRunner.java:291)
	at org.testng.SuiteRunner.run(SuiteRunner.java:240)
	at org.testng.SuiteRunnerWorker.runSuite(SuiteRunnerWorker.java:52)
	at org.testng.SuiteRunnerWorker.run(SuiteRunnerWorker.java:86)
	at org.testng.TestNG.runSuitesSequentially(TestNG.java:1198)
	at org.testng.TestNG.runSuitesLocally(TestNG.java:1123)
	at org.testng.TestNG.run(TestNG.java:1031)
	at org.testng.remote.AbstractRemoteTestNG.run(AbstractRemoteTestNG.java:114)
	at org.testng.remote.RemoteTestNG.initAndRun(RemoteTestNG.java:251)
	at org.testng.remote.RemoteTestNG.main(RemoteTestNG.java:77)
</pre></div></td>
<td>25</td>
<td>RezoomexApplicantTrackingSystem.com.rats.ExtentReport@59fa1d9b</td></tr>
</table><p>
<table width='100%' border='1' class='invocation-passed'>
<tr><td colspan='4' align='center'><b>PASSED TESTS</b></td></tr>
<tr><td><b>Test method</b></td>
<td width="30%"><b>Exception</b></td>
<td width="10%"><b>Time (seconds)</b></td>
<td><b>Instance</b></td>
</tr>
<tr>
<td title='RezoomexApplicantTrackingSystem.com.rats.ExtentReport.ProcessJob()'><b>ProcessJob</b><br>Test class: RezoomexApplicantTrackingSystem.com.rats.ExtentReport</td>
<td></td>
<td>33</td>
<td>RezoomexApplicantTrackingSystem.com.rats.ExtentReport@59fa1d9b</td></tr>
<tr>
<td title='RezoomexApplicantTrackingSystem.com.rats.ExtentReport.automatedjob()'><b>automatedjob</b><br>Test class: RezoomexApplicantTrackingSystem.com.rats.ExtentReport</td>
<td></td>
<td>17</td>
<td>RezoomexApplicantTrackingSystem.com.rats.ExtentReport@59fa1d9b</td></tr>
<tr>
<td title='RezoomexApplicantTrackingSystem.com.rats.ExtentReport.manualjob()'><b>manualjob</b><br>Test class: RezoomexApplicantTrackingSystem.com.rats.ExtentReport</td>
<td></td>
<td>21</td>
<td>RezoomexApplicantTrackingSystem.com.rats.ExtentReport@59fa1d9b</td></tr>
<tr>
<td title='RezoomexApplicantTrackingSystem.com.rats.ExtentReport.openjobannotatedtab()'><b>openjobannotatedtab</b><br>Test class: RezoomexApplicantTrackingSystem.com.rats.ExtentReport</td>
<td></td>
<td>21</td>
<td>RezoomexApplicantTrackingSystem.com.rats.ExtentReport@59fa1d9b</td></tr>
<tr>
<td title='RezoomexApplicantTrackingSystem.com.rats.ExtentReport.pageTitleTest()'><b>pageTitleTest</b><br>Test class: RezoomexApplicantTrackingSystem.com.rats.ExtentReport</td>
<td></td>
<td>0</td>
<td>RezoomexApplicantTrackingSystem.com.rats.ExtentReport@59fa1d9b</td></tr>
</table><p>
<table width='100%' border='1' class='invocation-skipped'>
<tr><td colspan='4' align='center'><b>SKIPPED TESTS</b></td></tr>
<tr><td><b>Test method</b></td>
<td width="30%"><b>Exception</b></td>
<td width="10%"><b>Time (seconds)</b></td>
<td><b>Instance</b></td>
</tr>
<tr>
<td title='RezoomexApplicantTrackingSystem.com.rats.ExtentReport.deletejob()'><b>deletejob</b><br>Test class: RezoomexApplicantTrackingSystem.com.rats.ExtentReport</td>
<td></td>
<td>0</td>
<td>RezoomexApplicantTrackingSystem.com.rats.ExtentReport@59fa1d9b</td></tr>
<tr>
<td title='RezoomexApplicantTrackingSystem.com.rats.ExtentReport.downloadtracker()'><b>downloadtracker</b><br>Test class: RezoomexApplicantTrackingSystem.com.rats.ExtentReport</td>
<td></td>
<td>0</td>
<td>RezoomexApplicantTrackingSystem.com.rats.ExtentReport@59fa1d9b</td></tr>
<tr>
<td title='RezoomexApplicantTrackingSystem.com.rats.ExtentReport.loginTest()'><b>loginTest</b><br>Test class: RezoomexApplicantTrackingSystem.com.rats.ExtentReport</td>
<td><div><pre>org.testng.TestNGException: 
Data Provider public java.lang.Object RezoomexApplicantTrackingSystem.com.rats.ExtentReport.getData() must return either Object[][] or Iterator&lt;Object&gt;[], not class java.lang.Object
	at org.testng.internal.MethodInvocationHelper.invokeDataProvider(MethodInvocationHelper.java:137)
	at org.testng.internal.Parameters.handleParameters(Parameters.java:426)
	at org.testng.internal.Invoker.handleParameters(Invoker.java:1383)
	at org.testng.internal.Invoker.createParameters(Invoker.java:1075)
	at org.testng.internal.Invoker.invokeTestMethods(Invoker.java:1180)
	at org.testng.internal.TestMethodWorker.invokeTestMethods(TestMethodWorker.java:127)
	at org.testng.internal.TestMethodWorker.run(TestMethodWorker.java:111)
	at org.testng.TestRunner.privateRun(TestRunner.java:767)
	at org.testng.TestRunner.run(TestRunner.java:617)
	at org.testng.SuiteRunner.runTest(SuiteRunner.java:334)
	at org.testng.SuiteRunner.runSequentially(SuiteRunner.java:329)
	at org.testng.SuiteRunner.privateRun(SuiteRunner.java:291)
	at org.testng.SuiteRunner.run(SuiteRunner.java:240)
	at org.testng.SuiteRunnerWorker.runSuite(SuiteRunnerWorker.java:52)
	at org.testng.SuiteRunnerWorker.run(SuiteRunnerWorker.java:86)
	at org.testng.TestNG.runSuitesSequentially(TestNG.java:1198)
	at org.testng.TestNG.runSuitesLocally(TestNG.java:1123)
	at org.testng.TestNG.run(TestNG.java:1031)
	at org.testng.remote.AbstractRemoteTestNG.run(AbstractRemoteTestNG.java:114)
	at org.testng.remote.RemoteTestNG.initAndRun(RemoteTestNG.java:251)
	at org.testng.remote.RemoteTestNG.main(RemoteTestNG.java:77)
</pre></div><a href='#' onClick='toggleBox("stack-trace1111897955", this, "Click to show all stack frames", "Click to hide stack frames")'>Click to show all stack frames</a>
<div class='stack-trace' id='stack-trace1111897955'><pre>org.testng.TestNGException: 
Data Provider public java.lang.Object RezoomexApplicantTrackingSystem.com.rats.ExtentReport.getData() must return either Object[][] or Iterator&lt;Object&gt;[], not class java.lang.Object
	at org.testng.internal.MethodInvocationHelper.invokeDataProvider(MethodInvocationHelper.java:137)
	at org.testng.internal.Parameters.handleParameters(Parameters.java:426)
	at org.testng.internal.Invoker.handleParameters(Invoker.java:1383)
	at org.testng.internal.Invoker.createParameters(Invoker.java:1075)
	at org.testng.internal.Invoker.invokeTestMethods(Invoker.java:1180)
	at org.testng.internal.TestMethodWorker.invokeTestMethods(TestMethodWorker.java:127)
	at org.testng.internal.TestMethodWorker.run(TestMethodWorker.java:111)
	at org.testng.TestRunner.privateRun(TestRunner.java:767)
	at org.testng.TestRunner.run(TestRunner.java:617)
	at org.testng.SuiteRunner.runTest(SuiteRunner.java:334)
	at org.testng.SuiteRunner.runSequentially(SuiteRunner.java:329)
	at org.testng.SuiteRunner.privateRun(SuiteRunner.java:291)
	at org.testng.SuiteRunner.run(SuiteRunner.java:240)
	at org.testng.SuiteRunnerWorker.runSuite(SuiteRunnerWorker.java:52)
	at org.testng.SuiteRunnerWorker.run(SuiteRunnerWorker.java:86)
	at org.testng.TestNG.runSuitesSequentially(TestNG.java:1198)
	at org.testng.TestNG.runSuitesLocally(TestNG.java:1123)
	at org.testng.TestNG.run(TestNG.java:1031)
	at org.testng.remote.AbstractRemoteTestNG.run(AbstractRemoteTestNG.java:114)
	at org.testng.remote.RemoteTestNG.initAndRun(RemoteTestNG.java:251)
	at org.testng.remote.RemoteTestNG.main(RemoteTestNG.java:77)
</pre></div></td>
<td>0</td>
<td>RezoomexApplicantTrackingSystem.com.rats.ExtentReport@59fa1d9b</td></tr>
<tr>
<td title='RezoomexApplicantTrackingSystem.com.rats.ExtentReport.logoutTest()'><b>logoutTest</b><br>Test class: RezoomexApplicantTrackingSystem.com.rats.ExtentReport</td>
<td></td>
<td>0</td>
<td>RezoomexApplicantTrackingSystem.com.rats.ExtentReport@59fa1d9b</td></tr>
<tr>
<td title='RezoomexApplicantTrackingSystem.com.rats.ExtentReport.refreshjob()'><b>refreshjob</b><br>Test class: RezoomexApplicantTrackingSystem.com.rats.ExtentReport</td>
<td></td>
<td>0</td>
<td>RezoomexApplicantTrackingSystem.com.rats.ExtentReport@59fa1d9b</td></tr>
<tr>
<td title='RezoomexApplicantTrackingSystem.com.rats.ExtentReport.trackjob()'><b>trackjob</b><br>Test class: RezoomexApplicantTrackingSystem.com.rats.ExtentReport</td>
<td></td>
<td>0</td>
<td>RezoomexApplicantTrackingSystem.com.rats.ExtentReport@59fa1d9b</td></tr>
</table><p>
</body>
</html>