<?xml version="1.0" encoding="UTF-8"?>
<testng-results skipped="8" failed="1" total="11" passed="2">
  <reporter-output>
  </reporter-output>
  <suite name="Default suite" duration-ms="71376" started-at="2018-06-25T11:14:13Z" finished-at="2018-06-25T11:15:24Z">
    <groups>
    </groups>
    <test name="Default test" duration-ms="71376" started-at="2018-06-25T11:14:13Z" finished-at="2018-06-25T11:15:24Z">
      <class name="RezoomexApplicantTrackingSystem.com.rats.ExtentReport">
        <test-method status="PASS" signature="startTest()[pri:0, instance:RezoomexApplicantTrackingSystem.com.rats.ExtentReport@46d56d67]" name="startTest" is-config="true" duration-ms="177" started-at="2018-06-25T16:44:13Z" finished-at="2018-06-25T16:44:13Z">
          <reporter-output>
          </reporter-output>
        </test-method> <!-- startTest -->
        <test-method status="PASS" signature="beforeclass()[pri:0, instance:RezoomexApplicantTrackingSystem.com.rats.ExtentReport@46d56d67]" name="beforeclass" is-config="true" duration-ms="11123" started-at="2018-06-25T16:44:13Z" finished-at="2018-06-25T16:44:24Z">
          <reporter-output>
          </reporter-output>
        </test-method> <!-- beforeclass -->
        <test-method status="PASS" signature="pageTitleTest()[pri:0, instance:RezoomexApplicantTrackingSystem.com.rats.ExtentReport@46d56d67]" name="pageTitleTest" duration-ms="22" started-at="2018-06-25T16:44:24Z" finished-at="2018-06-25T16:44:24Z">
          <reporter-output>
          </reporter-output>
        </test-method> <!-- pageTitleTest -->
        <test-method status="PASS" signature="setTestResult(org.testng.ITestResult)[pri:0, instance:RezoomexApplicantTrackingSystem.com.rats.ExtentReport@46d56d67]" name="setTestResult" is-config="true" duration-ms="1012" started-at="2018-06-25T16:44:24Z" finished-at="2018-06-25T16:44:25Z">
          <params>
            <param index="0">
              <value>
                <![CDATA[[TestResult name=pageTitleTest status=SUCCESS method=ExtentReport.pageTitleTest()[pri:0, instance:RezoomexApplicantTrackingSystem.com.rats.ExtentReport@46d56d67] output={null}]]]>
              </value>
            </param>
          </params>
          <reporter-output>
          </reporter-output>
        </test-method> <!-- setTestResult -->
        <test-method status="PASS" signature="beforeclass()[pri:0, instance:RezoomexApplicantTrackingSystem.com.rats.ExtentReport@46d56d67]" name="beforeclass" is-config="true" duration-ms="10298" started-at="2018-06-25T16:44:25Z" finished-at="2018-06-25T16:44:35Z">
          <reporter-output>
          </reporter-output>
        </test-method> <!-- beforeclass -->
        <test-method status="PASS" signature="automatedjob()[pri:0, instance:RezoomexApplicantTrackingSystem.com.rats.ExtentReport@46d56d67]" name="automatedjob" duration-ms="18630" started-at="2018-06-25T16:44:35Z" finished-at="2018-06-25T16:44:54Z">
          <reporter-output>
          </reporter-output>
        </test-method> <!-- automatedjob -->
        <test-method status="PASS" signature="setTestResult(org.testng.ITestResult)[pri:0, instance:RezoomexApplicantTrackingSystem.com.rats.ExtentReport@46d56d67]" name="setTestResult" is-config="true" duration-ms="933" started-at="2018-06-25T16:44:54Z" finished-at="2018-06-25T16:44:55Z">
          <params>
            <param index="0">
              <value>
                <![CDATA[[TestResult name=automatedjob status=SUCCESS method=ExtentReport.automatedjob()[pri:0, instance:RezoomexApplicantTrackingSystem.com.rats.ExtentReport@46d56d67] output={null}]]]>
              </value>
            </param>
          </params>
          <reporter-output>
          </reporter-output>
        </test-method> <!-- setTestResult -->
        <test-method status="PASS" signature="beforeclass()[pri:0, instance:RezoomexApplicantTrackingSystem.com.rats.ExtentReport@46d56d67]" name="beforeclass" is-config="true" duration-ms="11734" started-at="2018-06-25T16:44:55Z" finished-at="2018-06-25T16:45:07Z">
          <reporter-output>
          </reporter-output>
        </test-method> <!-- beforeclass -->
        <test-method status="FAIL" signature="manualjob()[pri:0, instance:RezoomexApplicantTrackingSystem.com.rats.ExtentReport@46d56d67]" name="manualjob" duration-ms="16619" started-at="2018-06-25T16:45:07Z" finished-at="2018-06-25T16:45:23Z">
          <exception class="org.openqa.selenium.WebDriverException">
            <message>
              <![CDATA[unknown error: Element <button class="btn btn-labeled btn-info btn-reload pull-right" id="createjobbuttonId" ng-disabled="!jobdescriptionData || !formInfo.company || !formInfo.selectTechnology || (!createdJdName &amp;&amp; formInfo.selectedJob == undefined)" data-ng-click="CreateJobDescription()" disabled="disabled">...</button> is not clickable at point (646, 511). Other element would receive the click: <div class="col-md-12 col-sm-12 col-lg-12 nopadding select-job">...</div>
  (Session info: headless chrome=63.0.3239.132)
  (Driver info: chromedriver=2.35.528139 (47ead77cb35ad2a9a83248b292151462a66cd881),platform=Linux 4.4.0-93-generic x86_64) (WARNING: The server did not provide any stacktrace information)
Command duration or timeout: 0 milliseconds
Build info: version: '3.8.1', revision: '6e95a6684b', time: '2017-12-01T18:33:54.468Z'
System info: host: 'ULTP-478', ip: '127.0.0.1', os.name: 'Linux', os.arch: 'amd64', os.version: '4.4.0-93-generic', java.version: '1.8.0_141'
Driver info: org.openqa.selenium.chrome.ChromeDriver
Capabilities {acceptInsecureCerts: false, acceptSslCerts: false, applicationCacheEnabled: false, browserConnectionEnabled: false, browserName: chrome, chrome: {chromedriverVersion: 2.35.528139 (47ead77cb35ad2..., userDataDir: /tmp/.org.chromium.Chromium...}, cssSelectorsEnabled: true, databaseEnabled: false, handlesAlerts: true, hasTouchScreen: false, javascriptEnabled: true, locationContextEnabled: true, mobileEmulationEnabled: false, nativeEvents: true, networkConnectionEnabled: false, pageLoadStrategy: normal, platform: LINUX, platformName: LINUX, rotatable: false, setWindowRect: true, takesHeapSnapshot: true, takesScreenshot: true, unexpectedAlertBehaviour: , unhandledPromptBehavior: , version: 63.0.3239.132, webStorageEnabled: true}
Session ID: d6efafb1b41415168f4c404e963ab0bc]]>
            </message>
            <full-stacktrace>
              <![CDATA[org.openqa.selenium.WebDriverException: unknown error: Element <button class="btn btn-labeled btn-info btn-reload pull-right" id="createjobbuttonId" ng-disabled="!jobdescriptionData || !formInfo.company || !formInfo.selectTechnology || (!createdJdName &amp;&amp; formInfo.selectedJob == undefined)" data-ng-click="CreateJobDescription()" disabled="disabled">...</button> is not clickable at point (646, 511). Other element would receive the click: <div class="col-md-12 col-sm-12 col-lg-12 nopadding select-job">...</div>
  (Session info: headless chrome=63.0.3239.132)
  (Driver info: chromedriver=2.35.528139 (47ead77cb35ad2a9a83248b292151462a66cd881),platform=Linux 4.4.0-93-generic x86_64) (WARNING: The server did not provide any stacktrace information)
Command duration or timeout: 0 milliseconds
Build info: version: '3.8.1', revision: '6e95a6684b', time: '2017-12-01T18:33:54.468Z'
System info: host: 'ULTP-478', ip: '127.0.0.1', os.name: 'Linux', os.arch: 'amd64', os.version: '4.4.0-93-generic', java.version: '1.8.0_141'
Driver info: org.openqa.selenium.chrome.ChromeDriver
Capabilities {acceptInsecureCerts: false, acceptSslCerts: false, applicationCacheEnabled: false, browserConnectionEnabled: false, browserName: chrome, chrome: {chromedriverVersion: 2.35.528139 (47ead77cb35ad2..., userDataDir: /tmp/.org.chromium.Chromium...}, cssSelectorsEnabled: true, databaseEnabled: false, handlesAlerts: true, hasTouchScreen: false, javascriptEnabled: true, locationContextEnabled: true, mobileEmulationEnabled: false, nativeEvents: true, networkConnectionEnabled: false, pageLoadStrategy: normal, platform: LINUX, platformName: LINUX, rotatable: false, setWindowRect: true, takesHeapSnapshot: true, takesScreenshot: true, unexpectedAlertBehaviour: , unhandledPromptBehavior: , version: 63.0.3239.132, webStorageEnabled: true}
Session ID: d6efafb1b41415168f4c404e963ab0bc
	at sun.reflect.NativeConstructorAccessorImpl.newInstance0(Native Method)
	at sun.reflect.NativeConstructorAccessorImpl.newInstance(NativeConstructorAccessorImpl.java:62)
	at sun.reflect.DelegatingConstructorAccessorImpl.newInstance(DelegatingConstructorAccessorImpl.java:45)
	at java.lang.reflect.Constructor.newInstance(Constructor.java:423)
	at org.openqa.selenium.remote.ErrorHandler.createThrowable(ErrorHandler.java:214)
	at org.openqa.selenium.remote.ErrorHandler.throwIfResponseFailed(ErrorHandler.java:166)
	at org.openqa.selenium.remote.http.JsonHttpResponseCodec.reconstructValue(JsonHttpResponseCodec.java:40)
	at org.openqa.selenium.remote.http.AbstractHttpResponseCodec.decode(AbstractHttpResponseCodec.java:80)
	at org.openqa.selenium.remote.http.AbstractHttpResponseCodec.decode(AbstractHttpResponseCodec.java:44)
	at org.openqa.selenium.remote.HttpCommandExecutor.execute(HttpCommandExecutor.java:164)
	at org.openqa.selenium.remote.service.DriverCommandExecutor.execute(DriverCommandExecutor.java:83)
	at org.openqa.selenium.remote.RemoteWebDriver.execute(RemoteWebDriver.java:601)
	at org.openqa.selenium.remote.RemoteWebElement.execute(RemoteWebElement.java:279)
	at org.openqa.selenium.remote.RemoteWebElement.click(RemoteWebElement.java:83)
	at RezoomexApplicantTrackingSystem.com.rats.ExtentReport.manualjob(ExtentReport.java:184)
	at sun.reflect.NativeMethodAccessorImpl.invoke0(Native Method)
	at sun.reflect.NativeMethodAccessorImpl.invoke(NativeMethodAccessorImpl.java:62)
	at sun.reflect.DelegatingMethodAccessorImpl.invoke(DelegatingMethodAccessorImpl.java:43)
	at java.lang.reflect.Method.invoke(Method.java:498)
	at org.testng.internal.MethodInvocationHelper.invokeMethod(MethodInvocationHelper.java:80)
	at org.testng.internal.Invoker.invokeMethod(Invoker.java:714)
	at org.testng.internal.Invoker.invokeTestMethod(Invoker.java:901)
	at org.testng.internal.Invoker.invokeTestMethods(Invoker.java:1231)
	at org.testng.internal.TestMethodWorker.invokeTestMethods(TestMethodWorker.java:127)
	at org.testng.internal.TestMethodWorker.run(TestMethodWorker.java:111)
	at org.testng.TestRunner.privateRun(TestRunner.java:767)
	at org.testng.TestRunner.run(TestRunner.java:617)
	at org.testng.SuiteRunner.runTest(SuiteRunner.java:334)
	at org.testng.SuiteRunner.runSequentially(SuiteRunner.java:329)
	at org.testng.SuiteRunner.privateRun(SuiteRunner.java:291)
	at org.testng.SuiteRunner.run(SuiteRunner.java:240)
	at org.testng.SuiteRunnerWorker.runSuite(SuiteRunnerWorker.java:52)
	at org.testng.SuiteRunnerWorker.run(SuiteRunnerWorker.java:86)
	at org.testng.TestNG.runSuitesSequentially(TestNG.java:1198)
	at org.testng.TestNG.runSuitesLocally(TestNG.java:1123)
	at org.testng.TestNG.run(TestNG.java:1031)
	at org.testng.remote.AbstractRemoteTestNG.run(AbstractRemoteTestNG.java:114)
	at org.testng.remote.RemoteTestNG.initAndRun(RemoteTestNG.java:251)
	at org.testng.remote.RemoteTestNG.main(RemoteTestNG.java:77)
]]>
            </full-stacktrace>
          </exception> <!-- org.openqa.selenium.WebDriverException -->
          <reporter-output>
          </reporter-output>
        </test-method> <!-- manualjob -->
        <test-method status="FAIL" signature="setTestResult(org.testng.ITestResult)[pri:0, instance:RezoomexApplicantTrackingSystem.com.rats.ExtentReport@46d56d67]" name="setTestResult" is-config="true" duration-ms="0" started-at="2018-06-25T16:45:23Z" finished-at="2018-06-25T16:45:23Z">
          <params>
            <param index="0">
              <value>
                <![CDATA[[TestResult name=manualjob status=FAILURE method=ExtentReport.manualjob()[pri:0, instance:RezoomexApplicantTrackingSystem.com.rats.ExtentReport@46d56d67] output={null}]]]>
              </value>
            </param>
          </params>
          <exception class="java.lang.AssertionError">
            <message>
              <![CDATA[Screen Shot : com.aventstack.extentreports.ExtentTest@6d3c5255]]>
            </message>
            <full-stacktrace>
              <![CDATA[java.lang.AssertionError: Screen Shot : com.aventstack.extentreports.ExtentTest@6d3c5255
	at org.testng.Assert.fail(Assert.java:94)
	at RezoomexApplicantTrackingSystem.com.rats.ExtentReport.setTestResult(ExtentReport.java:421)
	at sun.reflect.NativeMethodAccessorImpl.invoke0(Native Method)
	at sun.reflect.NativeMethodAccessorImpl.invoke(NativeMethodAccessorImpl.java:62)
	at sun.reflect.DelegatingMethodAccessorImpl.invoke(DelegatingMethodAccessorImpl.java:43)
	at java.lang.reflect.Method.invoke(Method.java:498)
	at org.testng.internal.MethodInvocationHelper.invokeMethod(MethodInvocationHelper.java:80)
	at org.testng.internal.Invoker.invokeConfigurationMethod(Invoker.java:564)
	at org.testng.internal.Invoker.invokeConfigurations(Invoker.java:213)
	at org.testng.internal.Invoker.invokeMethod(Invoker.java:786)
	at org.testng.internal.Invoker.invokeTestMethod(Invoker.java:901)
	at org.testng.internal.Invoker.invokeTestMethods(Invoker.java:1231)
	at org.testng.internal.TestMethodWorker.invokeTestMethods(TestMethodWorker.java:127)
	at org.testng.internal.TestMethodWorker.run(TestMethodWorker.java:111)
	at org.testng.TestRunner.privateRun(TestRunner.java:767)
	at org.testng.TestRunner.run(TestRunner.java:617)
	at org.testng.SuiteRunner.runTest(SuiteRunner.java:334)
	at org.testng.SuiteRunner.runSequentially(SuiteRunner.java:329)
	at org.testng.SuiteRunner.privateRun(SuiteRunner.java:291)
	at org.testng.SuiteRunner.run(SuiteRunner.java:240)
	at org.testng.SuiteRunnerWorker.runSuite(SuiteRunnerWorker.java:52)
	at org.testng.SuiteRunnerWorker.run(SuiteRunnerWorker.java:86)
	at org.testng.TestNG.runSuitesSequentially(TestNG.java:1198)
	at org.testng.TestNG.runSuitesLocally(TestNG.java:1123)
	at org.testng.TestNG.run(TestNG.java:1031)
	at org.testng.remote.AbstractRemoteTestNG.run(AbstractRemoteTestNG.java:114)
	at org.testng.remote.RemoteTestNG.initAndRun(RemoteTestNG.java:251)
	at org.testng.remote.RemoteTestNG.main(RemoteTestNG.java:77)
]]>
            </full-stacktrace>
          </exception> <!-- java.lang.AssertionError -->
          <reporter-output>
          </reporter-output>
        </test-method> <!-- setTestResult -->
        <test-method status="SKIP" signature="beforeclass()[pri:0, instance:RezoomexApplicantTrackingSystem.com.rats.ExtentReport@46d56d67]" name="beforeclass" is-config="true" duration-ms="0" started-at="2018-06-25T16:45:24Z" finished-at="2018-06-25T16:45:24Z">
          <reporter-output>
          </reporter-output>
        </test-method> <!-- beforeclass -->
        <test-method status="SKIP" signature="ProcessJob()[pri:0, instance:RezoomexApplicantTrackingSystem.com.rats.ExtentReport@46d56d67]" name="ProcessJob" duration-ms="1" started-at="2018-06-25T16:45:24Z" finished-at="2018-06-25T16:45:24Z">
          <reporter-output>
          </reporter-output>
        </test-method> <!-- ProcessJob -->
        <test-method status="SKIP" signature="setTestResult(org.testng.ITestResult)[pri:0, instance:RezoomexApplicantTrackingSystem.com.rats.ExtentReport@46d56d67]" name="setTestResult" is-config="true" duration-ms="0" started-at="2018-06-25T16:45:24Z" finished-at="2018-06-25T16:45:24Z">
          <reporter-output>
          </reporter-output>
        </test-method> <!-- setTestResult -->
        <test-method status="SKIP" signature="beforeclass()[pri:0, instance:RezoomexApplicantTrackingSystem.com.rats.ExtentReport@46d56d67]" name="beforeclass" is-config="true" duration-ms="0" started-at="2018-06-25T16:45:24Z" finished-at="2018-06-25T16:45:24Z">
          <reporter-output>
          </reporter-output>
        </test-method> <!-- beforeclass -->
        <test-method status="SKIP" signature="openjobannotatedtab()[pri:0, instance:RezoomexApplicantTrackingSystem.com.rats.ExtentReport@46d56d67]" name="openjobannotatedtab" duration-ms="1" started-at="2018-06-25T16:45:24Z" finished-at="2018-06-25T16:45:24Z">
          <reporter-output>
          </reporter-output>
        </test-method> <!-- openjobannotatedtab -->
        <test-method status="SKIP" signature="setTestResult(org.testng.ITestResult)[pri:0, instance:RezoomexApplicantTrackingSystem.com.rats.ExtentReport@46d56d67]" name="setTestResult" is-config="true" duration-ms="0" started-at="2018-06-25T16:45:24Z" finished-at="2018-06-25T16:45:24Z">
          <reporter-output>
          </reporter-output>
        </test-method> <!-- setTestResult -->
        <test-method status="SKIP" signature="beforeclass()[pri:0, instance:RezoomexApplicantTrackingSystem.com.rats.ExtentReport@46d56d67]" name="beforeclass" is-config="true" duration-ms="0" started-at="2018-06-25T16:45:24Z" finished-at="2018-06-25T16:45:24Z">
          <reporter-output>
          </reporter-output>
        </test-method> <!-- beforeclass -->
        <test-method status="SKIP" signature="openjobtobeannotatedtab()[pri:0, instance:RezoomexApplicantTrackingSystem.com.rats.ExtentReport@46d56d67]" name="openjobtobeannotatedtab" duration-ms="1" started-at="2018-06-25T16:45:24Z" finished-at="2018-06-25T16:45:24Z">
          <reporter-output>
          </reporter-output>
        </test-method> <!-- openjobtobeannotatedtab -->
        <test-method status="SKIP" signature="setTestResult(org.testng.ITestResult)[pri:0, instance:RezoomexApplicantTrackingSystem.com.rats.ExtentReport@46d56d67]" name="setTestResult" is-config="true" duration-ms="0" started-at="2018-06-25T16:45:24Z" finished-at="2018-06-25T16:45:24Z">
          <reporter-output>
          </reporter-output>
        </test-method> <!-- setTestResult -->
        <test-method status="SKIP" signature="beforeclass()[pri:0, instance:RezoomexApplicantTrackingSystem.com.rats.ExtentReport@46d56d67]" name="beforeclass" is-config="true" duration-ms="0" started-at="2018-06-25T16:45:24Z" finished-at="2018-06-25T16:45:24Z">
          <reporter-output>
          </reporter-output>
        </test-method> <!-- beforeclass -->
        <test-method status="SKIP" signature="trackjob()[pri:0, instance:RezoomexApplicantTrackingSystem.com.rats.ExtentReport@46d56d67]" name="trackjob" duration-ms="1" started-at="2018-06-25T16:45:24Z" finished-at="2018-06-25T16:45:24Z">
          <reporter-output>
          </reporter-output>
        </test-method> <!-- trackjob -->
        <test-method status="SKIP" signature="setTestResult(org.testng.ITestResult)[pri:0, instance:RezoomexApplicantTrackingSystem.com.rats.ExtentReport@46d56d67]" name="setTestResult" is-config="true" duration-ms="0" started-at="2018-06-25T16:45:24Z" finished-at="2018-06-25T16:45:24Z">
          <reporter-output>
          </reporter-output>
        </test-method> <!-- setTestResult -->
        <test-method status="SKIP" signature="beforeclass()[pri:0, instance:RezoomexApplicantTrackingSystem.com.rats.ExtentReport@46d56d67]" name="beforeclass" is-config="true" duration-ms="0" started-at="2018-06-25T16:45:24Z" finished-at="2018-06-25T16:45:24Z">
          <reporter-output>
          </reporter-output>
        </test-method> <!-- beforeclass -->
        <test-method status="SKIP" signature="downloadtracker()[pri:0, instance:RezoomexApplicantTrackingSystem.com.rats.ExtentReport@46d56d67]" name="downloadtracker" duration-ms="1" started-at="2018-06-25T16:45:24Z" finished-at="2018-06-25T16:45:24Z">
          <reporter-output>
          </reporter-output>
        </test-method> <!-- downloadtracker -->
        <test-method status="SKIP" signature="setTestResult(org.testng.ITestResult)[pri:0, instance:RezoomexApplicantTrackingSystem.com.rats.ExtentReport@46d56d67]" name="setTestResult" is-config="true" duration-ms="0" started-at="2018-06-25T16:45:24Z" finished-at="2018-06-25T16:45:24Z">
          <reporter-output>
          </reporter-output>
        </test-method> <!-- setTestResult -->
        <test-method status="SKIP" signature="beforeclass()[pri:0, instance:RezoomexApplicantTrackingSystem.com.rats.ExtentReport@46d56d67]" name="beforeclass" is-config="true" duration-ms="0" started-at="2018-06-25T16:45:24Z" finished-at="2018-06-25T16:45:24Z">
          <reporter-output>
          </reporter-output>
        </test-method> <!-- beforeclass -->
        <test-method status="SKIP" signature="deletejob()[pri:0, instance:RezoomexApplicantTrackingSystem.com.rats.ExtentReport@46d56d67]" name="deletejob" duration-ms="1" started-at="2018-06-25T16:45:24Z" finished-at="2018-06-25T16:45:24Z">
          <reporter-output>
          </reporter-output>
        </test-method> <!-- deletejob -->
        <test-method status="SKIP" signature="setTestResult(org.testng.ITestResult)[pri:0, instance:RezoomexApplicantTrackingSystem.com.rats.ExtentReport@46d56d67]" name="setTestResult" is-config="true" duration-ms="0" started-at="2018-06-25T16:45:24Z" finished-at="2018-06-25T16:45:24Z">
          <reporter-output>
          </reporter-output>
        </test-method> <!-- setTestResult -->
        <test-method status="SKIP" signature="beforeclass()[pri:0, instance:RezoomexApplicantTrackingSystem.com.rats.ExtentReport@46d56d67]" name="beforeclass" is-config="true" duration-ms="0" started-at="2018-06-25T16:45:24Z" finished-at="2018-06-25T16:45:24Z">
          <reporter-output>
          </reporter-output>
        </test-method> <!-- beforeclass -->
        <test-method status="SKIP" signature="refreshjob()[pri:0, instance:RezoomexApplicantTrackingSystem.com.rats.ExtentReport@46d56d67]" name="refreshjob" duration-ms="1" started-at="2018-06-25T16:45:24Z" finished-at="2018-06-25T16:45:24Z">
          <reporter-output>
          </reporter-output>
        </test-method> <!-- refreshjob -->
        <test-method status="SKIP" signature="setTestResult(org.testng.ITestResult)[pri:0, instance:RezoomexApplicantTrackingSystem.com.rats.ExtentReport@46d56d67]" name="setTestResult" is-config="true" duration-ms="0" started-at="2018-06-25T16:45:24Z" finished-at="2018-06-25T16:45:24Z">
          <reporter-output>
          </reporter-output>
        </test-method> <!-- setTestResult -->
        <test-method status="SKIP" signature="beforeclass()[pri:0, instance:RezoomexApplicantTrackingSystem.com.rats.ExtentReport@46d56d67]" name="beforeclass" is-config="true" duration-ms="0" started-at="2018-06-25T16:45:24Z" finished-at="2018-06-25T16:45:24Z">
          <reporter-output>
          </reporter-output>
        </test-method> <!-- beforeclass -->
        <test-method status="SKIP" signature="logoutTest()[pri:0, instance:RezoomexApplicantTrackingSystem.com.rats.ExtentReport@46d56d67]" name="logoutTest" duration-ms="1" started-at="2018-06-25T16:45:24Z" finished-at="2018-06-25T16:45:24Z">
          <reporter-output>
          </reporter-output>
        </test-method> <!-- logoutTest -->
        <test-method status="SKIP" signature="setTestResult(org.testng.ITestResult)[pri:0, instance:RezoomexApplicantTrackingSystem.com.rats.ExtentReport@46d56d67]" name="setTestResult" is-config="true" duration-ms="0" started-at="2018-06-25T16:45:24Z" finished-at="2018-06-25T16:45:24Z">
          <reporter-output>
          </reporter-output>
        </test-method> <!-- setTestResult -->
        <test-method status="SKIP" signature="endTest()[pri:0, instance:RezoomexApplicantTrackingSystem.com.rats.ExtentReport@46d56d67]" name="endTest" is-config="true" duration-ms="0" started-at="2018-06-25T16:45:24Z" finished-at="2018-06-25T16:45:24Z">
          <reporter-output>
          </reporter-output>
        </test-method> <!-- endTest -->
      </class> <!-- RezoomexApplicantTrackingSystem.com.rats.ExtentReport -->
    </test> <!-- Default test -->
  </suite> <!-- Default suite -->
</testng-results>
